<?xml version="1.0" encoding="utf-8"?><testsuites name="pytest tests"><testsuite name="pytest" errors="0" failures="0" skipped="0" tests="8" time="100.698" timestamp="2026-07-07T23:47:21.257289+00:00" hostname="agent-env-b1a350c0-787e-4bc4-b34c-d6d0a1a23f7e"><testcase classname="backend.tests.test_new_modes.TestReactionCreation" name="test_reaction_ready_immediately_no_llm" time="0.230" /><testcase classname="backend.tests.test_new_modes.TestReactionCreation" name="test_reaction_questions_have_correct_index_and_type" time="3.405" /><testcase classname="backend.tests.test_new_modes.TestReactionFlow" name="test_reaction_game_reaches_podium_with_scoring" time="26.317" /><testcase classname="backend.tests.test_new_modes.TestMemoryCreation" name="test_memory_deck_size_by_difficulty[easy-4]" time="3.509" /><testcase classname="backend.tests.test_new_modes.TestMemoryCreation" name="test_memory_deck_size_by_difficulty[medium-6]" time="3.411" /><testcase classname="backend.tests.test_new_modes.TestMemoryCreation" name="test_memory_deck_size_by_difficulty[hard-8]" time="3.389" /><testcase classname="backend.tests.test_new_modes.TestMemoryFlow" name="test_memory_scoring_and_podium" time="42.528" /><testcase classname="backend.tests.test_new_modes.TestQuizRegression" name="test_quiz_still_works" time="17.813" /></testsuite></testsuites>