<?xml version="1.0" encoding="utf-8"?><testsuites name="pytest tests"><testsuite name="pytest" errors="0" failures="0" skipped="0" tests="2" time="199.861" timestamp="2026-07-07T22:38:55.431713+00:00" hostname="agent-env-b1a350c0-787e-4bc4-b34c-d6d0a1a23f7e"><testcase classname="backend.tests.backend_test.TestGameLoop" name="test_phase_transitions_and_reaches_podium" time="69.065" /><testcase classname="backend.tests.backend_test.TestRematch" name="test_rematch_resets_and_regenerates" time="130.732" /></testsuite></testsuites>