<?xml version="1.0" encoding="utf-8"?><testsuites name="pytest tests"><testsuite name="pytest" errors="0" failures="0" skipped="0" tests="4" time="49.389" timestamp="2026-07-07T22:38:01.453992+00:00" hostname="agent-env-b1a350c0-787e-4bc4-b34c-d6d0a1a23f7e"><testcase classname="backend.tests.backend_test.TestAnswers" name="test_answer_once_only_and_scoring_range" time="10.395" /><testcase classname="backend.tests.backend_test.TestAnswers" name="test_answer_after_phase_end_rejected" time="18.815" /><testcase classname="backend.tests.backend_test.TestHostControls" name="test_pause_resume_freezes_timer" time="10.984" /><testcase classname="backend.tests.backend_test.TestHostControls" name="test_skip_advances_phase" time="9.132" /></testsuite></testsuites>