<?xml version="1.0" encoding="utf-8"?><testsuites name="pytest tests"><testsuite name="pytest" errors="0" failures="0" skipped="0" tests="12" time="25.243" timestamp="2026-07-07T22:37:31.495165+00:00" hostname="agent-env-b1a350c0-787e-4bc4-b34c-d6d0a1a23f7e"><testcase classname="backend.tests.backend_test.TestHealth" name="test_root" time="0.123" /><testcase classname="backend.tests.backend_test.TestRoomCreation" name="test_create_room_returns_5char_code" time="0.101" /><testcase classname="backend.tests.backend_test.TestRoomCreation" name="test_questions_generate_and_ready" time="7.166" /><testcase classname="backend.tests.backend_test.TestJoin" name="test_join_1v1_and_captain" time="0.209" /><testcase classname="backend.tests.backend_test.TestJoin" name="test_team_mode_captain_sets_team_name" time="0.184" /><testcase classname="backend.tests.backend_test.TestJoin" name="test_duplicate_name_gets_suffix" time="0.231" /><testcase classname="backend.tests.backend_test.TestJoin" name="test_second_joiner_is_not_captain" time="0.224" /><testcase classname="backend.tests.backend_test.TestStart" name="test_start_blocked_when_no_players" time="5.431" /><testcase classname="backend.tests.backend_test.TestStart" name="test_start_blocked_when_only_side_a" time="5.590" /><testcase classname="backend.tests.backend_test.TestStart" name="test_start_ok_when_ready_and_both_sides" time="5.534" /><testcase classname="backend.tests.backend_test.TestErrors" name="test_state_of_missing_room_404" time="0.190" /><testcase classname="backend.tests.backend_test.TestErrors" name="test_join_missing_room_404" time="0.098" /></testsuite></testsuites>